#-----------------------------------------------------------
# Vivado v2018.2 (64-bit)
# SW Build 2258646 on Thu Jun 14 20:03:12 MDT 2018
# IP Build 2256618 on Thu Jun 14 22:10:49 MDT 2018
# Start of session at: Sun Nov 15 20:24:10 2020
# Process ID: 16840
# Current directory: C:/smart_window/smart_window/chuan_new
# Command line: vivado.exe -gui_launcher_event rodinguilauncherevent14976 C:\smart_window\smart_window\chuan_new\chuan_new.xpr
# Log file: C:/smart_window/smart_window/chuan_new/vivado.log
# Journal file: C:/smart_window/smart_window/chuan_new\vivado.jou
#-----------------------------------------------------------
start_gui
open_project C:/smart_window/smart_window/chuan_new/chuan_new.xpr
INFO: [Project 1-313] Project file moved from 'D:/jk/chuan_new' since last save.
CRITICAL WARNING: [Project 1-311] Could not find the file 'C:/smart_window/smart_window/smart_new/smart_new.srcs/sources_1/new/uart_rx.v', nor could it be found using path 'D:/jk/smart_new/smart_new.srcs/sources_1/new/uart_rx.v'.
CRITICAL WARNING: [Project 1-311] Could not find the file 'C:/smart_window/smart_window/frame_difference1/frame_difference.srcs/sources_1/imports/Desktop/1.coe', nor could it be found using path 'D:/jk/frame_difference1/frame_difference.srcs/sources_1/imports/Desktop/1.coe'.
CRITICAL WARNING: [Project 1-19] Could not find the file 'c:/Users/Administrator/Desktop/1.coe'.
Scanning sources...
Finished scanning sources
WARNING: [Project 1-509] GeneratedRun file for 'synth_1' not found
WARNING: [Project 1-509] GeneratedRun file for 'clk_wiz_0_synth_1' not found
WARNING: [Project 1-509] GeneratedRun file for 'blk_mem_gen_1_synth_1' not found
WARNING: [Project 1-509] GeneratedRun file for 'fifo_generator_0_synth_1' not found
WARNING: [Project 1-509] GeneratedRun file for 'fifo_generator_1_synth_1' not found
WARNING: [filemgmt 56-3] impl_1 strategy "Vivado Implementation Defaults," step write_bitstream, attribute : Could not find the file 'C:/Users/Administrator/Desktop/name.tcl'.
WARNING: [Project 1-509] GeneratedRun file for 'impl_1' not found
INFO: [IP_Flow 19-234] Refreshing IP repositories
INFO: [IP_Flow 19-1704] No user IP repositories specified
INFO: [IP_Flow 19-2313] Loaded Vivado IP repository 'C:/Xilinx/Vivado/2018.2/data/ip'.
open_project: Time (s): cpu = 00:00:10 ; elapsed = 00:00:06 . Memory (MB): peak = 831.625 ; gain = 145.227
reset_project
exit
INFO: [Common 17-206] Exiting Vivado at Sun Nov 15 20:25:43 2020...
